<?xml version="1.0" encoding="UTF-8"?>
<testng-results ignored="0" total="4" passed="4" failed="0" skipped="0">
  <reporter-output>
  </reporter-output>
  <suite started-at="2022-07-31T15:18:06 IST" name="MasterSuite" finished-at="2022-07-31T16:26:16 IST" duration-ms="4090245">
    <groups>
    </groups>
    <test started-at="2022-07-31T15:18:06 IST" name="Test_chrome" finished-at="2022-07-31T15:52:09 IST" duration-ms="2043361">
      <class name="com.test_a.Test_1">
        <test-method is-config="true" signature="setup(java.lang.String)[pri:0, instance:com.test_a.Test_1@7ce026d3]" started-at="2022-07-31T15:18:06 IST" name="setup" finished-at="2022-07-31T15:18:18 IST" duration-ms="11916" status="PASS">
          <params>
            <param index="0">
              <value>
                <![CDATA[Chrome]]>
              </value>
            </param>
          </params>
          <reporter-output>
          </reporter-output>
        </test-method> <!-- setup -->
        <test-method signature="tc01()[pri:0, instance:com.test_a.Test_1@7ce026d3]" started-at="2022-07-31T15:18:18 IST" name="tc01" finished-at="2022-07-31T15:18:31 IST" duration-ms="13436" status="PASS">
          <reporter-output>
          </reporter-output>
        </test-method> <!-- tc01 -->
        <test-method is-config="true" signature="am()[pri:0, instance:com.test_a.Test_1@7ce026d3]" started-at="2022-07-31T15:18:31 IST" name="am" finished-at="2022-07-31T15:18:36 IST" duration-ms="4377" status="PASS">
          <reporter-output>
          </reporter-output>
        </test-method> <!-- am -->
        <test-method is-config="true" signature="setup(java.lang.String)[pri:0, instance:com.test_a.Test_1@7ce026d3]" started-at="2022-07-31T15:18:36 IST" name="setup" finished-at="2022-07-31T15:18:41 IST" duration-ms="4894" status="PASS">
          <params>
            <param index="0">
              <value>
                <![CDATA[Chrome]]>
              </value>
            </param>
          </params>
          <reporter-output>
          </reporter-output>
        </test-method> <!-- setup -->
        <test-method signature="tc02()[pri:0, instance:com.test_a.Test_1@7ce026d3]" started-at="2022-07-31T15:18:41 IST" name="tc02" finished-at="2022-07-31T15:52:05 IST" duration-ms="2004210" status="PASS">
          <reporter-output>
          </reporter-output>
        </test-method> <!-- tc02 -->
        <test-method is-config="true" signature="am()[pri:0, instance:com.test_a.Test_1@7ce026d3]" started-at="2022-07-31T15:52:05 IST" name="am" finished-at="2022-07-31T15:52:09 IST" duration-ms="4423" status="PASS">
          <reporter-output>
          </reporter-output>
        </test-method> <!-- am -->
      </class> <!-- com.test_a.Test_1 -->
    </test> <!-- Test_chrome -->
    <test started-at="2022-07-31T15:52:11 IST" name="Test_Edge" finished-at="2022-07-31T16:26:16 IST" duration-ms="2045263">
      <class name="com.test_a.Test_1">
        <test-method is-config="true" signature="bs()[pri:0, instance:com.test_a.Test_1@5a59ca5e]" started-at="2022-07-31T15:18:05 IST" name="bs" finished-at="2022-07-31T15:18:06 IST" duration-ms="1465" status="PASS">
          <reporter-output>
          </reporter-output>
        </test-method> <!-- bs -->
        <test-method is-config="true" signature="setup(java.lang.String)[pri:0, instance:com.test_a.Test_1@5a59ca5e]" started-at="2022-07-31T15:52:11 IST" name="setup" finished-at="2022-07-31T15:52:24 IST" duration-ms="12699" status="PASS">
          <params>
            <param index="0">
              <value>
                <![CDATA[Edge]]>
              </value>
            </param>
          </params>
          <reporter-output>
          </reporter-output>
        </test-method> <!-- setup -->
        <test-method signature="tc01()[pri:0, instance:com.test_a.Test_1@5a59ca5e]" started-at="2022-07-31T15:52:24 IST" name="tc01" finished-at="2022-07-31T15:52:39 IST" duration-ms="15116" status="PASS">
          <reporter-output>
          </reporter-output>
        </test-method> <!-- tc01 -->
        <test-method is-config="true" signature="am()[pri:0, instance:com.test_a.Test_1@5a59ca5e]" started-at="2022-07-31T15:52:39 IST" name="am" finished-at="2022-07-31T15:52:40 IST" duration-ms="1505" status="PASS">
          <reporter-output>
          </reporter-output>
        </test-method> <!-- am -->
        <test-method is-config="true" signature="setup(java.lang.String)[pri:0, instance:com.test_a.Test_1@5a59ca5e]" started-at="2022-07-31T15:52:40 IST" name="setup" finished-at="2022-07-31T15:52:51 IST" duration-ms="11107" status="PASS">
          <params>
            <param index="0">
              <value>
                <![CDATA[Edge]]>
              </value>
            </param>
          </params>
          <reporter-output>
          </reporter-output>
        </test-method> <!-- setup -->
        <test-method signature="tc02()[pri:0, instance:com.test_a.Test_1@5a59ca5e]" started-at="2022-07-31T15:52:51 IST" name="tc02" finished-at="2022-07-31T16:26:16 IST" duration-ms="2004221" status="PASS">
          <reporter-output>
          </reporter-output>
        </test-method> <!-- tc02 -->
        <test-method is-config="true" signature="am()[pri:0, instance:com.test_a.Test_1@5a59ca5e]" started-at="2022-07-31T16:26:16 IST" name="am" finished-at="2022-07-31T16:26:16 IST" duration-ms="590" status="PASS">
          <reporter-output>
          </reporter-output>
        </test-method> <!-- am -->
      </class> <!-- com.test_a.Test_1 -->
    </test> <!-- Test_Edge -->
  </suite> <!-- MasterSuite -->
</testng-results>
